[2018-02-10 16:44:05] eseye.WARNING: An unknown URI was called. Allowing /v1/characters/{character_id}/mail
[2018-02-10 16:44:05] eseye.ERROR: [http 404, not found] post -> https://esi.tech.ccp.is/1/v1/characters/96559018/mail?datasource=tranquility [t/e: 0.03s/100]
[2018-02-10 16:44:35] eseye.WARNING: An unknown URI was called. Allowing characters/{character_id}/mail
[2018-02-10 16:44:35] eseye.ERROR: [http 404, not found] post -> https://esi.tech.ccp.is/1characters/96559018/mail?datasource=tranquility [t/e: 0.03s/99]
[2018-02-10 16:44:39] eseye.WARNING: An unknown URI was called. Allowing characters/{character_id}/mail
[2018-02-10 16:44:39] eseye.ERROR: [http 404, not found] post -> https://esi.tech.ccp.is/1characters/96559018/mail?datasource=tranquility [t/e: 0.03s/98]
[2018-02-10 16:47:06] eseye.INFO: [http 200, ok] post -> https://login.eveonline.com/oauth/token/?grant_type=refresh_token [t/e: 0.32s/]
[2018-02-10 16:47:06] eseye.INFO: [http 200, ok] get -> https://login.eveonline.com/oauth/verify/ [t/e: 0.04s/]
[2018-02-10 16:47:06] eseye.WARNING: An unknown URI was called. Allowing /characters/{character_id}/mail
[2018-02-10 16:47:06] eseye.ERROR: [http 404, not found] post -> https://esi.tech.ccp.is/1/characters/96559018/mail?datasource=tranquility [t/e: 0.02s/100]
[2018-02-10 16:47:20] eseye.INFO: [http 200, ok] post -> https://login.eveonline.com/oauth/token/?grant_type=refresh_token [t/e: 0.02s/]
[2018-02-10 16:47:20] eseye.INFO: [http 200, ok] get -> https://login.eveonline.com/oauth/verify/ [t/e: 0.03s/]
[2018-02-10 16:47:20] eseye.ERROR: [http 404, not found] post -> https://esi.tech.ccp.is/1/characters/96559018/mail/?datasource=tranquility [t/e: 0.02s/99]
[2018-02-10 16:47:48] eseye.INFO: [http 200, ok] post -> https://login.eveonline.com/oauth/token/?grant_type=refresh_token [t/e: 0.03s/]
[2018-02-10 16:47:48] eseye.INFO: [http 200, ok] get -> https://login.eveonline.com/oauth/verify/ [t/e: 0.04s/]
[2018-02-10 16:47:49] eseye.ERROR: [http 400, bad request] post -> https://esi.tech.ccp.is/v1/characters/96559018/mail/?datasource=tranquility [t/e: 0.13s/98]
[2018-02-10 16:48:58] eseye.INFO: [http 200, ok] post -> https://login.eveonline.com/oauth/token/?grant_type=refresh_token [t/e: 0.03s/]
[2018-02-10 16:48:58] eseye.INFO: [http 200, ok] get -> https://login.eveonline.com/oauth/verify/ [t/e: 0.04s/]
[2018-02-10 16:48:59] eseye.INFO: [http 201, created] post -> https://esi.tech.ccp.is/v1/characters/96559018/mail/?datasource=tranquility [t/e: 0.49s/100]
[2018-02-10 17:03:55] eseye.INFO: [http 200, ok] post -> https://login.eveonline.com/oauth/token/?grant_type=refresh_token [t/e: 0.03s/]
[2018-02-10 17:03:55] eseye.INFO: [http 200, ok] get -> https://login.eveonline.com/oauth/verify/ [t/e: 0.04s/]
[2018-02-10 17:03:55] eseye.WARNING: An unknown URI was called. Allowing alliances/{alliance_id}/corporations/
[2018-02-10 17:03:55] eseye.ERROR: [http 404, not found] get -> https://esi.tech.ccp.is/v1alliances/90792652/corporations/?datasource=tranquility [t/e: 0.06s/100]
[2018-02-10 17:04:08] eseye.INFO: [http 200, ok] post -> https://login.eveonline.com/oauth/token/?grant_type=refresh_token [t/e: 0.03s/]
[2018-02-10 17:04:08] eseye.INFO: [http 200, ok] get -> https://login.eveonline.com/oauth/verify/ [t/e: 0.04s/]
[2018-02-10 17:04:08] eseye.INFO: [http 200, ok] get -> https://esi.tech.ccp.is/v1/alliances/90792652/corporations/?datasource=tranquility [t/e: 0.42s/100]
[2018-02-10 17:04:22] eseye.INFO: [http 200, ok] post -> https://login.eveonline.com/oauth/token/?grant_type=refresh_token [t/e: 0.03s/]
[2018-02-10 17:04:22] eseye.INFO: [http 200, ok] get -> https://login.eveonline.com/oauth/verify/ [t/e: 0.04s/]
[2018-02-10 17:06:32] eseye.INFO: [http 200, ok] post -> https://login.eveonline.com/oauth/token/?grant_type=refresh_token [t/e: 0.04s/]
[2018-02-10 17:06:32] eseye.INFO: [http 200, ok] get -> https://login.eveonline.com/oauth/verify/ [t/e: 0.04s/]
[2018-02-10 17:06:32] eseye.INFO: [http 200, ok] get -> https://esi.tech.ccp.is/v1/alliances/99007044/corporations/?datasource=tranquility [t/e: 0.11s/100]
[2018-02-10 17:06:33] eseye.INFO: [http 200, ok] get -> https://esi.tech.ccp.is/v4/corporations/98014270/?datasource=tranquility [t/e: 0.71s/100]
[2018-02-10 17:07:19] eseye.INFO: [http 200, ok] post -> https://login.eveonline.com/oauth/token/?grant_type=refresh_token [t/e: 0.03s/]
[2018-02-10 17:07:19] eseye.INFO: [http 200, ok] get -> https://login.eveonline.com/oauth/verify/ [t/e: 0.04s/]
[2018-02-10 17:07:20] eseye.INFO: [http 200, ok] get -> https://esi.tech.ccp.is/v4/corporations/98017411/?datasource=tranquility [t/e: 0.51s/100]
[2018-02-10 17:07:20] eseye.INFO: [http 200, ok] get -> https://esi.tech.ccp.is/v4/corporations/98071542/?datasource=tranquility [t/e: 0.07s/100]
[2018-02-10 17:07:20] eseye.INFO: [http 200, ok] get -> https://esi.tech.ccp.is/v4/corporations/98101577/?datasource=tranquility [t/e: 0.07s/100]
[2018-02-10 17:07:20] eseye.INFO: [http 200, ok] get -> https://esi.tech.ccp.is/v4/corporations/98102895/?datasource=tranquility [t/e: 0.43s/100]
[2018-02-10 17:07:21] eseye.INFO: [http 200, ok] get -> https://esi.tech.ccp.is/v4/corporations/98107392/?datasource=tranquility [t/e: 0.31s/100]
[2018-02-10 17:07:21] eseye.INFO: [http 200, ok] get -> https://esi.tech.ccp.is/v4/corporations/98127091/?datasource=tranquility [t/e: 0.07s/100]
[2018-02-10 17:07:21] eseye.INFO: [http 200, ok] get -> https://esi.tech.ccp.is/v4/corporations/98128161/?datasource=tranquility [t/e: 0.07s/100]
[2018-02-10 17:07:21] eseye.INFO: [http 200, ok] get -> https://esi.tech.ccp.is/v4/corporations/98130004/?datasource=tranquility [t/e: 0.35s/100]
[2018-02-10 17:07:21] eseye.INFO: [http 200, ok] get -> https://esi.tech.ccp.is/v4/corporations/98132163/?datasource=tranquility [t/e: 0.32s/100]
[2018-02-10 17:07:22] eseye.INFO: [http 200, ok] get -> https://esi.tech.ccp.is/v4/corporations/98138783/?datasource=tranquility [t/e: 0.47s/100]
[2018-02-10 17:07:22] eseye.INFO: [http 200, ok] get -> https://esi.tech.ccp.is/v4/corporations/98149482/?datasource=tranquility [t/e: 0.46s/100]
[2018-02-10 17:07:23] eseye.INFO: [http 200, ok] get -> https://esi.tech.ccp.is/v4/corporations/98180232/?datasource=tranquility [t/e: 0.40s/100]
[2018-02-10 17:07:23] eseye.INFO: [http 200, ok] get -> https://esi.tech.ccp.is/v4/corporations/98201565/?datasource=tranquility [t/e: 0.39s/100]
[2018-02-10 17:07:24] eseye.INFO: [http 200, ok] get -> https://esi.tech.ccp.is/v4/corporations/98216160/?datasource=tranquility [t/e: 0.42s/100]
[2018-02-10 17:07:24] eseye.INFO: [http 200, ok] get -> https://esi.tech.ccp.is/v4/corporations/98237355/?datasource=tranquility [t/e: 0.46s/100]
[2018-02-10 17:07:25] eseye.INFO: [http 200, ok] get -> https://esi.tech.ccp.is/v4/corporations/98239232/?datasource=tranquility [t/e: 0.70s/100]
[2018-02-10 17:07:25] eseye.INFO: [http 200, ok] get -> https://esi.tech.ccp.is/v4/corporations/98243900/?datasource=tranquility [t/e: 0.07s/100]
[2018-02-10 17:07:25] eseye.INFO: [http 200, ok] get -> https://esi.tech.ccp.is/v4/corporations/98245042/?datasource=tranquility [t/e: 0.08s/100]
[2018-02-10 17:07:25] eseye.INFO: [http 200, ok] get -> https://esi.tech.ccp.is/v4/corporations/98249641/?datasource=tranquility [t/e: 0.45s/100]
[2018-02-10 17:07:26] eseye.INFO: [http 200, ok] get -> https://esi.tech.ccp.is/v4/corporations/98254867/?datasource=tranquility [t/e: 0.38s/100]
[2018-02-10 17:07:26] eseye.INFO: [http 200, ok] get -> https://esi.tech.ccp.is/v4/corporations/98260530/?datasource=tranquility [t/e: 0.52s/100]
[2018-02-10 17:07:26] eseye.INFO: [http 200, ok] get -> https://esi.tech.ccp.is/v4/corporations/98288376/?datasource=tranquility [t/e: 0.07s/100]
[2018-02-10 17:07:26] eseye.INFO: [http 200, ok] get -> https://esi.tech.ccp.is/v4/corporations/98288704/?datasource=tranquility [t/e: 0.07s/100]
[2018-02-10 17:07:26] eseye.INFO: [http 200, ok] get -> https://esi.tech.ccp.is/v4/corporations/98289814/?datasource=tranquility [t/e: 0.07s/100]
[2018-02-10 17:07:27] eseye.INFO: [http 200, ok] get -> https://esi.tech.ccp.is/v4/corporations/98314963/?datasource=tranquility [t/e: 0.58s/100]
[2018-02-10 17:07:27] eseye.INFO: [http 200, ok] get -> https://esi.tech.ccp.is/v4/corporations/98317306/?datasource=tranquility [t/e: 0.45s/100]
[2018-02-10 17:07:28] eseye.INFO: [http 200, ok] get -> https://esi.tech.ccp.is/v4/corporations/98323890/?datasource=tranquility [t/e: 0.42s/100]
[2018-02-10 17:07:29] eseye.INFO: [http 200, ok] get -> https://esi.tech.ccp.is/v4/corporations/98326355/?datasource=tranquility [t/e: 1.22s/100]
[2018-02-10 17:07:30] eseye.INFO: [http 200, ok] get -> https://esi.tech.ccp.is/v4/corporations/98329853/?datasource=tranquility [t/e: 0.44s/100]
[2018-02-10 17:07:30] eseye.INFO: [http 200, ok] get -> https://esi.tech.ccp.is/v4/corporations/98332063/?datasource=tranquility [t/e: 0.64s/100]
[2018-02-10 17:07:31] eseye.INFO: [http 200, ok] get -> https://esi.tech.ccp.is/v4/corporations/98338092/?datasource=tranquility [t/e: 0.49s/100]
[2018-02-10 17:07:31] eseye.INFO: [http 200, ok] get -> https://esi.tech.ccp.is/v4/corporations/98338851/?datasource=tranquility [t/e: 0.55s/100]
[2018-02-10 17:07:32] eseye.INFO: [http 200, ok] get -> https://esi.tech.ccp.is/v4/corporations/98341478/?datasource=tranquility [t/e: 0.50s/100]
[2018-02-10 17:07:32] eseye.INFO: [http 200, ok] get -> https://esi.tech.ccp.is/v4/corporations/98361050/?datasource=tranquility [t/e: 0.55s/100]
[2018-02-10 17:07:33] eseye.INFO: [http 200, ok] get -> https://esi.tech.ccp.is/v4/corporations/98363261/?datasource=tranquility [t/e: 1.10s/100]
[2018-02-10 17:07:34] eseye.INFO: [http 200, ok] get -> https://esi.tech.ccp.is/v4/corporations/98365067/?datasource=tranquility [t/e: 0.43s/100]
[2018-02-10 17:07:34] eseye.INFO: [http 200, ok] get -> https://esi.tech.ccp.is/v4/corporations/98370057/?datasource=tranquility [t/e: 0.48s/100]
[2018-02-10 17:07:34] eseye.INFO: [http 200, ok] get -> https://esi.tech.ccp.is/v4/corporations/98371607/?datasource=tranquility [t/e: 0.08s/100]
[2018-02-10 17:07:35] eseye.INFO: [http 200, ok] get -> https://esi.tech.ccp.is/v4/corporations/98381887/?datasource=tranquility [t/e: 0.71s/100]
[2018-02-10 17:07:36] eseye.INFO: [http 200, ok] get -> https://esi.tech.ccp.is/v4/corporations/98390993/?datasource=tranquility [t/e: 0.45s/100]
[2018-02-10 17:07:36] eseye.INFO: [http 200, ok] get -> https://esi.tech.ccp.is/v4/corporations/98397100/?datasource=tranquility [t/e: 0.07s/100]
[2018-02-10 17:07:36] eseye.INFO: [http 200, ok] get -> https://esi.tech.ccp.is/v4/corporations/98407325/?datasource=tranquility [t/e: 0.55s/100]
[2018-02-10 17:07:36] eseye.INFO: [http 200, ok] get -> https://esi.tech.ccp.is/v4/corporations/98412085/?datasource=tranquility [t/e: 0.07s/100]
[2018-02-10 17:07:36] eseye.INFO: [http 200, ok] get -> https://esi.tech.ccp.is/v4/corporations/98415891/?datasource=tranquility [t/e: 0.08s/100]
[2018-02-10 17:07:37] eseye.INFO: [http 200, ok] get -> https://esi.tech.ccp.is/v4/corporations/98418836/?datasource=tranquility [t/e: 0.36s/100]
[2018-02-10 17:07:37] eseye.INFO: [http 200, ok] get -> https://esi.tech.ccp.is/v4/corporations/98430485/?datasource=tranquility [t/e: 0.38s/100]
[2018-02-10 17:07:38] eseye.INFO: [http 200, ok] get -> https://esi.tech.ccp.is/v4/corporations/98436037/?datasource=tranquility [t/e: 0.64s/100]
[2018-02-10 17:07:38] eseye.INFO: [http 200, ok] get -> https://esi.tech.ccp.is/v4/corporations/98443527/?datasource=tranquility [t/e: 0.07s/100]
[2018-02-10 17:07:38] eseye.INFO: [http 200, ok] get -> https://esi.tech.ccp.is/v4/corporations/98449437/?datasource=tranquility [t/e: 0.07s/100]
[2018-02-10 17:07:38] eseye.INFO: [http 200, ok] get -> https://esi.tech.ccp.is/v4/corporations/98456850/?datasource=tranquility [t/e: 0.07s/100]
[2018-02-10 17:07:38] eseye.INFO: [http 200, ok] get -> https://esi.tech.ccp.is/v4/corporations/98463247/?datasource=tranquility [t/e: 0.07s/100]
[2018-02-10 17:07:39] eseye.INFO: [http 200, ok] get -> https://esi.tech.ccp.is/v4/corporations/98469730/?datasource=tranquility [t/e: 1.01s/100]
[2018-02-10 17:07:40] eseye.INFO: [http 200, ok] get -> https://esi.tech.ccp.is/v4/corporations/98470760/?datasource=tranquility [t/e: 0.81s/100]
[2018-02-10 17:07:40] eseye.INFO: [http 200, ok] get -> https://esi.tech.ccp.is/v4/corporations/98475489/?datasource=tranquility [t/e: 0.52s/100]
[2018-02-10 17:07:41] eseye.INFO: [http 200, ok] get -> https://esi.tech.ccp.is/v4/corporations/98479629/?datasource=tranquility [t/e: 0.54s/100]
[2018-02-10 17:07:41] eseye.INFO: [http 200, ok] get -> https://esi.tech.ccp.is/v4/corporations/98479723/?datasource=tranquility [t/e: 0.42s/100]
[2018-02-10 17:07:41] eseye.INFO: [http 200, ok] get -> https://esi.tech.ccp.is/v4/corporations/98482395/?datasource=tranquility [t/e: 0.08s/100]
[2018-02-10 17:07:42] eseye.INFO: [http 200, ok] get -> https://esi.tech.ccp.is/v4/corporations/98489690/?datasource=tranquility [t/e: 0.43s/100]
[2018-02-10 17:07:42] eseye.INFO: [http 200, ok] get -> https://esi.tech.ccp.is/v4/corporations/98491423/?datasource=tranquility [t/e: 0.41s/100]
[2018-02-10 17:07:42] eseye.INFO: [http 200, ok] get -> https://esi.tech.ccp.is/v4/corporations/98492592/?datasource=tranquility [t/e: 0.07s/100]
[2018-02-10 17:07:42] eseye.INFO: [http 200, ok] get -> https://esi.tech.ccp.is/v4/corporations/98492970/?datasource=tranquility [t/e: 0.08s/100]
[2018-02-10 17:07:43] eseye.INFO: [http 200, ok] get -> https://esi.tech.ccp.is/v4/corporations/98494351/?datasource=tranquility [t/e: 0.43s/100]
[2018-02-10 17:07:43] eseye.INFO: [http 200, ok] get -> https://esi.tech.ccp.is/v4/corporations/98497003/?datasource=tranquility [t/e: 0.07s/100]
[2018-02-10 17:07:43] eseye.INFO: [http 200, ok] get -> https://esi.tech.ccp.is/v4/corporations/98498081/?datasource=tranquility [t/e: 0.44s/100]
[2018-02-10 17:07:44] eseye.INFO: [http 200, ok] get -> https://esi.tech.ccp.is/v4/corporations/98498394/?datasource=tranquility [t/e: 0.47s/100]
[2018-02-10 17:07:44] eseye.INFO: [http 200, ok] get -> https://esi.tech.ccp.is/v4/corporations/98498797/?datasource=tranquility [t/e: 0.52s/100]
[2018-02-10 17:07:45] eseye.INFO: [http 200, ok] get -> https://esi.tech.ccp.is/v4/corporations/98499411/?datasource=tranquility [t/e: 0.64s/100]
[2018-02-10 17:07:45] eseye.INFO: [http 200, ok] get -> https://esi.tech.ccp.is/v4/corporations/98501187/?datasource=tranquility [t/e: 0.59s/100]
[2018-02-10 17:07:46] eseye.INFO: [http 200, ok] get -> https://esi.tech.ccp.is/v4/corporations/98503743/?datasource=tranquility [t/e: 0.80s/100]
[2018-02-10 17:07:47] eseye.INFO: [http 200, ok] get -> https://esi.tech.ccp.is/v4/corporations/98504880/?datasource=tranquility [t/e: 0.45s/100]
[2018-02-10 17:07:47] eseye.INFO: [http 200, ok] get -> https://esi.tech.ccp.is/v4/corporations/98506481/?datasource=tranquility [t/e: 0.07s/100]
[2018-02-10 17:07:47] eseye.INFO: [http 200, ok] get -> https://esi.tech.ccp.is/v4/corporations/98507185/?datasource=tranquility [t/e: 0.48s/100]
[2018-02-10 17:07:48] eseye.INFO: [http 200, ok] get -> https://esi.tech.ccp.is/v4/corporations/98509210/?datasource=tranquility [t/e: 0.36s/100]
[2018-02-10 17:07:48] eseye.INFO: [http 200, ok] get -> https://esi.tech.ccp.is/v4/corporations/98509706/?datasource=tranquility [t/e: 0.44s/100]
[2018-02-10 17:07:48] eseye.INFO: [http 200, ok] get -> https://esi.tech.ccp.is/v4/corporations/98510035/?datasource=tranquility [t/e: 0.07s/100]
[2018-02-10 17:07:49] eseye.INFO: [http 200, ok] get -> https://esi.tech.ccp.is/v4/corporations/98512732/?datasource=tranquility [t/e: 0.46s/100]
[2018-02-10 17:07:49] eseye.INFO: [http 200, ok] get -> https://esi.tech.ccp.is/v4/corporations/98513796/?datasource=tranquility [t/e: 0.87s/100]
[2018-02-10 17:07:50] eseye.INFO: [http 200, ok] get -> https://esi.tech.ccp.is/v4/corporations/98515104/?datasource=tranquility [t/e: 0.45s/100]
[2018-02-10 17:07:50] eseye.INFO: [http 200, ok] get -> https://esi.tech.ccp.is/v4/corporations/98515935/?datasource=tranquility [t/e: 0.12s/100]
[2018-02-10 17:07:50] eseye.INFO: [http 200, ok] get -> https://esi.tech.ccp.is/v4/corporations/98517341/?datasource=tranquility [t/e: 0.40s/100]
[2018-02-10 17:07:51] eseye.INFO: [http 200, ok] get -> https://esi.tech.ccp.is/v4/corporations/98518128/?datasource=tranquility [t/e: 0.85s/100]
[2018-02-10 17:07:52] eseye.INFO: [http 200, ok] get -> https://esi.tech.ccp.is/v4/corporations/98518382/?datasource=tranquility [t/e: 0.56s/100]
[2018-02-10 17:07:53] eseye.INFO: [http 200, ok] get -> https://esi.tech.ccp.is/v4/corporations/98518500/?datasource=tranquility [t/e: 0.90s/100]
[2018-02-10 17:07:53] eseye.INFO: [http 200, ok] get -> https://esi.tech.ccp.is/v4/corporations/98518631/?datasource=tranquility [t/e: 0.29s/100]
[2018-02-10 17:07:53] eseye.INFO: [http 200, ok] get -> https://esi.tech.ccp.is/v4/corporations/98519928/?datasource=tranquility [t/e: 0.08s/100]
[2018-02-10 17:07:53] eseye.INFO: [http 200, ok] get -> https://esi.tech.ccp.is/v4/corporations/98520488/?datasource=tranquility [t/e: 0.07s/100]
[2018-02-10 17:07:53] eseye.INFO: [http 200, ok] get -> https://esi.tech.ccp.is/v4/corporations/98521871/?datasource=tranquility [t/e: 0.08s/100]
[2018-02-10 17:07:54] eseye.INFO: [http 200, ok] get -> https://esi.tech.ccp.is/v4/corporations/98523348/?datasource=tranquility [t/e: 0.39s/100]
[2018-02-10 17:07:54] eseye.INFO: [http 200, ok] get -> https://esi.tech.ccp.is/v4/corporations/98523595/?datasource=tranquility [t/e: 0.38s/100]
[2018-02-10 17:07:54] eseye.INFO: [http 200, ok] get -> https://esi.tech.ccp.is/v4/corporations/98526535/?datasource=tranquility [t/e: 0.07s/100]
[2018-02-10 17:07:55] eseye.INFO: [http 200, ok] get -> https://esi.tech.ccp.is/v4/corporations/98526726/?datasource=tranquility [t/e: 0.39s/100]
[2018-02-10 17:07:55] eseye.INFO: [http 200, ok] get -> https://esi.tech.ccp.is/v4/corporations/98527046/?datasource=tranquility [t/e: 0.39s/100]
[2018-02-10 17:07:55] eseye.INFO: [http 200, ok] get -> https://esi.tech.ccp.is/v4/corporations/98527575/?datasource=tranquility [t/e: 0.07s/100]
[2018-02-10 17:07:55] eseye.INFO: [http 200, ok] get -> https://esi.tech.ccp.is/v4/corporations/98527642/?datasource=tranquility [t/e: 0.07s/100]
[2018-02-10 17:07:55] eseye.INFO: [http 200, ok] get -> https://esi.tech.ccp.is/v4/corporations/98527670/?datasource=tranquility [t/e: 0.31s/100]
[2018-02-10 17:07:55] eseye.INFO: [http 200, ok] get -> https://esi.tech.ccp.is/v4/corporations/98528722/?datasource=tranquility [t/e: 0.07s/100]
[2018-02-10 17:07:56] eseye.INFO: [http 200, ok] get -> https://esi.tech.ccp.is/v4/corporations/98528780/?datasource=tranquility [t/e: 0.51s/100]
[2018-02-10 17:07:56] eseye.INFO: [http 200, ok] get -> https://esi.tech.ccp.is/v4/corporations/98528789/?datasource=tranquility [t/e: 0.07s/100]
[2018-02-10 17:07:56] eseye.INFO: [http 200, ok] get -> https://esi.tech.ccp.is/v4/corporations/98529826/?datasource=tranquility [t/e: 0.43s/100]
[2018-02-10 17:07:57] eseye.INFO: [http 200, ok] get -> https://esi.tech.ccp.is/v4/corporations/98530056/?datasource=tranquility [t/e: 0.07s/100]
[2018-02-10 17:07:57] eseye.INFO: [http 200, ok] get -> https://esi.tech.ccp.is/v4/corporations/98530075/?datasource=tranquility [t/e: 0.45s/100]
[2018-02-10 17:07:57] eseye.INFO: [http 200, ok] get -> https://esi.tech.ccp.is/v4/corporations/98530969/?datasource=tranquility [t/e: 0.08s/100]
[2018-02-10 17:07:57] eseye.INFO: [http 200, ok] get -> https://esi.tech.ccp.is/v4/corporations/98531194/?datasource=tranquility [t/e: 0.38s/100]
[2018-02-10 17:07:58] eseye.INFO: [http 200, ok] get -> https://esi.tech.ccp.is/v4/corporations/98532550/?datasource=tranquility [t/e: 0.08s/100]
[2018-02-10 17:07:58] eseye.INFO: [http 200, ok] get -> https://esi.tech.ccp.is/v4/corporations/98534051/?datasource=tranquility [t/e: 0.55s/100]
[2018-02-10 17:07:59] eseye.INFO: [http 200, ok] get -> https://esi.tech.ccp.is/v4/corporations/98534375/?datasource=tranquility [t/e: 0.44s/100]
[2018-02-10 17:07:59] eseye.INFO: [http 200, ok] get -> https://esi.tech.ccp.is/v4/corporations/98534761/?datasource=tranquility [t/e: 0.07s/100]
[2018-02-10 17:07:59] eseye.INFO: [http 200, ok] get -> https://esi.tech.ccp.is/v4/corporations/98534907/?datasource=tranquility [t/e: 0.35s/100]
[2018-02-10 17:07:59] eseye.INFO: [http 200, ok] get -> https://esi.tech.ccp.is/v4/corporations/98534988/?datasource=tranquility [t/e: 0.48s/100]
[2018-02-10 17:07:59] eseye.INFO: [http 200, ok] get -> https://esi.tech.ccp.is/v4/corporations/98535101/?datasource=tranquility [t/e: 0.07s/100]
[2018-02-10 17:08:00] eseye.INFO: [http 200, ok] get -> https://esi.tech.ccp.is/v4/corporations/98535405/?datasource=tranquility [t/e: 0.57s/100]
[2018-02-10 17:08:00] eseye.INFO: [http 200, ok] get -> https://esi.tech.ccp.is/v4/corporations/98536551/?datasource=tranquility [t/e: 0.37s/100]
[2018-02-10 17:08:01] eseye.INFO: [http 200, ok] get -> https://esi.tech.ccp.is/v4/corporations/98538029/?datasource=tranquility [t/e: 0.07s/100]
[2018-02-10 17:08:01] eseye.INFO: [http 200, ok] get -> https://esi.tech.ccp.is/v4/corporations/98538231/?datasource=tranquility [t/e: 0.07s/100]
[2018-02-10 17:08:01] eseye.INFO: [http 200, ok] get -> https://esi.tech.ccp.is/v4/corporations/98538927/?datasource=tranquility [t/e: 0.39s/100]
[2018-02-10 17:08:01] eseye.INFO: [http 200, ok] get -> https://esi.tech.ccp.is/v4/corporations/98539634/?datasource=tranquility [t/e: 0.08s/100]
[2018-02-10 17:08:01] eseye.INFO: [http 200, ok] get -> https://esi.tech.ccp.is/v4/corporations/98540967/?datasource=tranquility [t/e: 0.36s/100]
[2018-02-10 17:08:02] eseye.INFO: [http 200, ok] get -> https://esi.tech.ccp.is/v4/corporations/98541027/?datasource=tranquility [t/e: 0.66s/100]
[2018-02-10 17:08:02] eseye.INFO: [http 200, ok] get -> https://esi.tech.ccp.is/v4/corporations/98541227/?datasource=tranquility [t/e: 0.41s/100]
[2018-02-10 17:08:03] eseye.INFO: [http 200, ok] get -> https://esi.tech.ccp.is/v4/corporations/98542470/?datasource=tranquility [t/e: 0.50s/100]
[2018-02-10 17:08:03] eseye.INFO: [http 200, ok] get -> https://esi.tech.ccp.is/v4/corporations/98542883/?datasource=tranquility [t/e: 0.35s/100]
[2018-02-10 17:08:04] eseye.INFO: [http 200, ok] get -> https://esi.tech.ccp.is/v4/corporations/98543266/?datasource=tranquility [t/e: 0.51s/100]
[2018-02-10 17:08:04] eseye.INFO: [http 200, ok] get -> https://esi.tech.ccp.is/v4/corporations/98544504/?datasource=tranquility [t/e: 0.07s/100]
[2018-02-10 17:08:04] eseye.INFO: [http 200, ok] get -> https://esi.tech.ccp.is/v4/corporations/98544979/?datasource=tranquility [t/e: 0.37s/100]
[2018-02-10 17:08:04] eseye.INFO: [http 200, ok] get -> https://esi.tech.ccp.is/v4/corporations/98545468/?datasource=tranquility [t/e: 0.10s/100]
[2018-02-10 17:08:04] eseye.INFO: [http 200, ok] get -> https://esi.tech.ccp.is/v4/corporations/98545479/?datasource=tranquility [t/e: 0.07s/100]
[2018-02-10 17:08:05] eseye.INFO: [http 200, ok] get -> https://esi.tech.ccp.is/v4/corporations/98545497/?datasource=tranquility [t/e: 0.07s/100]
[2018-02-10 17:08:05] eseye.INFO: [http 200, ok] get -> https://esi.tech.ccp.is/v4/corporations/98545520/?datasource=tranquility [t/e: 0.07s/100]
[2018-02-10 17:08:05] eseye.INFO: [http 200, ok] get -> https://esi.tech.ccp.is/v4/corporations/98545988/?datasource=tranquility [t/e: 0.08s/100]
[2018-02-10 17:08:05] eseye.INFO: [http 200, ok] get -> https://esi.tech.ccp.is/v4/corporations/98546343/?datasource=tranquility [t/e: 0.51s/100]
[2018-02-10 17:08:05] eseye.INFO: [http 200, ok] get -> https://esi.tech.ccp.is/v4/corporations/98546741/?datasource=tranquility [t/e: 0.07s/100]
[2018-02-10 17:08:05] eseye.INFO: [http 200, ok] get -> https://esi.tech.ccp.is/v4/corporations/98547511/?datasource=tranquility [t/e: 0.07s/100]
[2018-02-10 17:08:05] eseye.INFO: [http 200, ok] get -> https://esi.tech.ccp.is/v4/corporations/98547869/?datasource=tranquility [t/e: 0.06s/100]
[2018-02-10 17:08:06] eseye.INFO: [http 200, ok] get -> https://esi.tech.ccp.is/v4/corporations/144772691/?datasource=tranquility [t/e: 0.46s/100]
[2018-02-10 17:08:06] eseye.INFO: [http 200, ok] get -> https://esi.tech.ccp.is/v4/corporations/180773442/?datasource=tranquility [t/e: 0.07s/100]
[2018-02-10 17:08:07] eseye.INFO: [http 200, ok] get -> https://esi.tech.ccp.is/v4/corporations/219410114/?datasource=tranquility [t/e: 0.78s/100]
[2018-02-10 17:08:07] eseye.INFO: [http 200, ok] get -> https://esi.tech.ccp.is/v4/corporations/626112372/?datasource=tranquility [t/e: 0.45s/100]
[2018-02-10 17:08:08] eseye.INFO: [http 200, ok] get -> https://esi.tech.ccp.is/v4/corporations/670853994/?datasource=tranquility [t/e: 0.67s/100]
[2018-02-10 17:08:08] eseye.INFO: [http 200, ok] get -> https://esi.tech.ccp.is/v4/corporations/736580866/?datasource=tranquility [t/e: 0.07s/100]
[2018-02-10 17:08:08] eseye.INFO: [http 200, ok] get -> https://esi.tech.ccp.is/v4/corporations/751925593/?datasource=tranquility [t/e: 0.07s/100]
[2018-02-10 17:08:08] eseye.INFO: [http 200, ok] get -> https://esi.tech.ccp.is/v4/corporations/814878810/?datasource=tranquility [t/e: 0.08s/100]
[2018-02-10 17:08:08] eseye.INFO: [http 200, ok] get -> https://esi.tech.ccp.is/v4/corporations/872886764/?datasource=tranquility [t/e: 0.07s/100]
[2018-02-10 17:08:08] eseye.INFO: [http 200, ok] get -> https://esi.tech.ccp.is/v4/corporations/955094454/?datasource=tranquility [t/e: 0.06s/100]
[2018-02-10 17:08:09] eseye.INFO: [http 200, ok] get -> https://esi.tech.ccp.is/v4/corporations/1022557972/?datasource=tranquility [t/e: 0.35s/100]
[2018-02-10 17:08:09] eseye.INFO: [http 200, ok] get -> https://esi.tech.ccp.is/v4/corporations/1402612386/?datasource=tranquility [t/e: 0.26s/100]
[2018-02-10 17:08:09] eseye.INFO: [http 200, ok] get -> https://esi.tech.ccp.is/v4/corporations/1405057963/?datasource=tranquility [t/e: 0.54s/100]
[2018-02-10 17:08:10] eseye.INFO: [http 200, ok] get -> https://esi.tech.ccp.is/v4/corporations/1476883234/?datasource=tranquility [t/e: 0.46s/100]
[2018-02-10 17:08:10] eseye.INFO: [http 200, ok] get -> https://esi.tech.ccp.is/v4/corporations/1576171750/?datasource=tranquility [t/e: 0.07s/100]
[2018-02-10 17:08:10] eseye.INFO: [http 200, ok] get -> https://esi.tech.ccp.is/v4/corporations/1650946531/?datasource=tranquility [t/e: 0.08s/100]
[2018-02-10 17:08:10] eseye.INFO: [http 200, ok] get -> https://esi.tech.ccp.is/v4/corporations/1765963215/?datasource=tranquility [t/e: 0.50s/100]
[2018-02-10 17:08:11] eseye.INFO: [http 200, ok] get -> https://esi.tech.ccp.is/v4/corporations/1859142848/?datasource=tranquility [t/e: 0.09s/100]
[2018-02-10 17:08:11] eseye.INFO: [http 200, ok] get -> https://esi.tech.ccp.is/v4/corporations/1887789993/?datasource=tranquility [t/e: 0.45s/100]
[2018-02-10 17:08:11] eseye.INFO: [http 200, ok] get -> https://esi.tech.ccp.is/v4/corporations/1938837642/?datasource=tranquility [t/e: 0.07s/100]
[2018-02-10 17:12:32] eseye.INFO: [http 200, ok] post -> https://login.eveonline.com/oauth/token/?grant_type=refresh_token [t/e: 0.05s/]
[2018-02-10 17:12:32] eseye.INFO: [http 200, ok] get -> https://login.eveonline.com/oauth/verify/ [t/e: 0.04s/]
[2018-02-10 17:12:32] eseye.INFO: [http 200, ok] get -> https://esi.tech.ccp.is/v4/corporations/98071542/?datasource=tranquility [t/e: 0.37s/100]
[2018-02-10 17:12:33] eseye.INFO: [http 200, ok] get -> https://esi.tech.ccp.is/v4/corporations/98243900/?datasource=tranquility [t/e: 0.44s/100]
[2018-02-10 17:12:33] eseye.INFO: [http 200, ok] get -> https://esi.tech.ccp.is/v4/corporations/98397100/?datasource=tranquility [t/e: 0.40s/100]
[2018-02-10 17:12:34] eseye.INFO: [http 200, ok] get -> https://esi.tech.ccp.is/v4/corporations/98515935/?datasource=tranquility [t/e: 0.88s/100]
[2018-02-10 17:12:35] eseye.INFO: [http 200, ok] get -> https://esi.tech.ccp.is/v4/corporations/98520488/?datasource=tranquility [t/e: 0.50s/100]
[2018-02-10 17:12:35] eseye.INFO: [http 200, ok] get -> https://esi.tech.ccp.is/v4/corporations/98538029/?datasource=tranquility [t/e: 0.53s/100]
[2018-02-10 17:12:36] eseye.INFO: [http 200, ok] get -> https://esi.tech.ccp.is/v4/corporations/1650946531/?datasource=tranquility [t/e: 0.48s/100]
[2018-02-10 17:12:41] eseye.INFO: [http 200, ok] post -> https://login.eveonline.com/oauth/token/?grant_type=refresh_token [t/e: 0.03s/]
[2018-02-10 17:12:41] eseye.INFO: [http 200, ok] get -> https://login.eveonline.com/oauth/verify/ [t/e: 0.04s/]
[2018-02-10 17:12:59] eseye.INFO: [http 200, ok] post -> https://login.eveonline.com/oauth/token/?grant_type=refresh_token [t/e: 0.03s/]
[2018-02-10 17:12:59] eseye.INFO: [http 200, ok] get -> https://login.eveonline.com/oauth/verify/ [t/e: 0.04s/]
[2018-02-10 17:13:44] eseye.INFO: [http 200, ok] post -> https://login.eveonline.com/oauth/token/?grant_type=refresh_token [t/e: 0.03s/]
[2018-02-10 17:13:44] eseye.INFO: [http 200, ok] get -> https://login.eveonline.com/oauth/verify/ [t/e: 0.03s/]
[2018-02-10 17:41:23] eseye.INFO: [http 200, ok] post -> https://login.eveonline.com/oauth/token/?grant_type=refresh_token [t/e: 0.03s/]
[2018-02-10 17:41:23] eseye.INFO: [http 200, ok] get -> https://login.eveonline.com/oauth/verify/ [t/e: 0.03s/]
[2018-02-10 17:41:23] eseye.INFO: [http 200, ok] get -> https://esi.tech.ccp.is/v1/alliances/99007044/corporations/?datasource=tranquility [t/e: 0.08s/100]
[2018-02-15 21:23:55] eseye.INFO: [http 200, ok] post -> https://login.eveonline.com/oauth/token/?grant_type=refresh_token [t/e: 0.05s/]
[2018-02-15 21:23:55] eseye.INFO: [http 200, ok] get -> https://login.eveonline.com/oauth/verify/ [t/e: 0.04s/]
[2018-02-15 21:23:55] eseye.INFO: [http 200, ok] get -> https://esi.tech.ccp.is/v1/alliances/99007044/corporations/?datasource=tranquility [t/e: 0.07s/100]
[2018-02-15 21:23:56] eseye.INFO: [http 200, ok] get -> https://esi.tech.ccp.is/v4/corporations/98014270/?datasource=tranquility [t/e: 0.38s/100]
[2018-02-15 21:23:56] eseye.INFO: [http 200, ok] get -> https://esi.tech.ccp.is/v4/corporations/98017411/?datasource=tranquility [t/e: 0.08s/100]
[2018-02-15 21:23:56] eseye.INFO: [http 200, ok] get -> https://esi.tech.ccp.is/v4/corporations/98071542/?datasource=tranquility [t/e: 0.07s/100]
[2018-02-15 21:23:56] eseye.INFO: [http 200, ok] get -> https://esi.tech.ccp.is/v4/corporations/98101577/?datasource=tranquility [t/e: 0.06s/100]
[2018-02-15 21:23:56] eseye.INFO: [http 200, ok] get -> https://esi.tech.ccp.is/v4/corporations/98102895/?datasource=tranquility [t/e: 0.07s/100]
[2018-02-15 21:23:56] eseye.INFO: [http 200, ok] get -> https://esi.tech.ccp.is/v4/corporations/98107392/?datasource=tranquility [t/e: 0.07s/100]
[2018-02-15 21:23:56] eseye.INFO: [http 200, ok] get -> https://esi.tech.ccp.is/v4/corporations/98127091/?datasource=tranquility [t/e: 0.06s/100]
[2018-02-15 21:23:56] eseye.INFO: [http 200, ok] get -> https://esi.tech.ccp.is/v4/corporations/98128161/?datasource=tranquility [t/e: 0.06s/100]
[2018-02-15 21:23:56] eseye.INFO: [http 200, ok] get -> https://esi.tech.ccp.is/v4/corporations/98130004/?datasource=tranquility [t/e: 0.07s/100]
[2018-02-15 21:23:56] eseye.INFO: [http 200, ok] get -> https://esi.tech.ccp.is/v4/corporations/98132163/?datasource=tranquility [t/e: 0.07s/100]
[2018-02-15 21:23:56] eseye.INFO: [http 200, ok] get -> https://esi.tech.ccp.is/v4/corporations/98138783/?datasource=tranquility [t/e: 0.07s/100]
[2018-02-15 21:23:56] eseye.INFO: [http 200, ok] get -> https://esi.tech.ccp.is/v4/corporations/98149482/?datasource=tranquility [t/e: 0.07s/100]
[2018-02-15 21:23:56] eseye.INFO: [http 200, ok] get -> https://esi.tech.ccp.is/v4/corporations/98180232/?datasource=tranquility [t/e: 0.07s/100]
[2018-02-15 21:23:57] eseye.INFO: [http 200, ok] get -> https://esi.tech.ccp.is/v4/corporations/98201565/?datasource=tranquility [t/e: 0.07s/100]
[2018-02-15 21:23:57] eseye.INFO: [http 200, ok] get -> https://esi.tech.ccp.is/v4/corporations/98216160/?datasource=tranquility [t/e: 0.07s/100]
[2018-02-15 21:23:57] eseye.INFO: [http 200, ok] get -> https://esi.tech.ccp.is/v4/corporations/98237355/?datasource=tranquility [t/e: 0.07s/100]
[2018-02-15 21:23:57] eseye.INFO: [http 200, ok] get -> https://esi.tech.ccp.is/v4/corporations/98239232/?datasource=tranquility [t/e: 0.34s/100]
[2018-02-15 21:23:57] eseye.INFO: [http 200, ok] get -> https://esi.tech.ccp.is/v4/corporations/98243900/?datasource=tranquility [t/e: 0.08s/100]
[2018-02-15 21:23:57] eseye.INFO: [http 200, ok] get -> https://esi.tech.ccp.is/v4/corporations/98245042/?datasource=tranquility [t/e: 0.07s/100]
[2018-02-15 21:23:57] eseye.INFO: [http 200, ok] get -> https://esi.tech.ccp.is/v4/corporations/98249641/?datasource=tranquility [t/e: 0.07s/100]
[2018-02-15 21:23:57] eseye.INFO: [http 200, ok] get -> https://esi.tech.ccp.is/v4/corporations/98254867/?datasource=tranquility [t/e: 0.07s/100]
[2018-02-15 21:23:57] eseye.INFO: [http 200, ok] get -> https://esi.tech.ccp.is/v4/corporations/98260530/?datasource=tranquility [t/e: 0.06s/100]
[2018-02-15 21:23:57] eseye.INFO: [http 200, ok] get -> https://esi.tech.ccp.is/v4/corporations/98288376/?datasource=tranquility [t/e: 0.06s/100]
[2018-02-15 21:23:57] eseye.INFO: [http 200, ok] get -> https://esi.tech.ccp.is/v4/corporations/98288704/?datasource=tranquility [t/e: 0.07s/100]
[2018-02-15 21:23:58] eseye.INFO: [http 200, ok] get -> https://esi.tech.ccp.is/v4/corporations/98289814/?datasource=tranquility [t/e: 0.07s/100]
[2018-02-15 21:23:58] eseye.INFO: [http 200, ok] get -> https://esi.tech.ccp.is/v4/corporations/98314963/?datasource=tranquility [t/e: 0.07s/100]
[2018-02-15 21:23:58] eseye.INFO: [http 200, ok] get -> https://esi.tech.ccp.is/v4/corporations/98317306/?datasource=tranquility [t/e: 0.07s/100]
[2018-02-15 21:23:58] eseye.INFO: [http 200, ok] get -> https://esi.tech.ccp.is/v4/corporations/98323890/?datasource=tranquility [t/e: 0.07s/100]
[2018-02-15 21:23:58] eseye.INFO: [http 200, ok] get -> https://esi.tech.ccp.is/v4/corporations/98326355/?datasource=tranquility [t/e: 0.07s/100]
[2018-02-15 21:23:58] eseye.INFO: [http 200, ok] get -> https://esi.tech.ccp.is/v4/corporations/98329853/?datasource=tranquility [t/e: 0.07s/100]
[2018-02-15 21:23:58] eseye.INFO: [http 200, ok] get -> https://esi.tech.ccp.is/v4/corporations/98332063/?datasource=tranquility [t/e: 0.07s/100]
[2018-02-15 21:23:59] eseye.INFO: [http 200, ok] get -> https://esi.tech.ccp.is/v4/corporations/98338092/?datasource=tranquility [t/e: 0.54s/100]
[2018-02-15 21:23:59] eseye.INFO: [http 200, ok] get -> https://esi.tech.ccp.is/v4/corporations/98338851/?datasource=tranquility [t/e: 0.07s/100]
[2018-02-15 21:23:59] eseye.INFO: [http 200, ok] get -> https://esi.tech.ccp.is/v4/corporations/98341478/?datasource=tranquility [t/e: 0.55s/100]
[2018-02-15 21:23:59] eseye.INFO: [http 200, ok] get -> https://esi.tech.ccp.is/v4/corporations/98361050/?datasource=tranquility [t/e: 0.07s/100]
[2018-02-15 21:23:59] eseye.INFO: [http 200, ok] get -> https://esi.tech.ccp.is/v4/corporations/98363261/?datasource=tranquility [t/e: 0.07s/100]
[2018-02-15 21:23:59] eseye.INFO: [http 200, ok] get -> https://esi.tech.ccp.is/v4/corporations/98365067/?datasource=tranquility [t/e: 0.07s/100]
[2018-02-15 21:23:59] eseye.INFO: [http 200, ok] get -> https://esi.tech.ccp.is/v4/corporations/98370057/?datasource=tranquility [t/e: 0.07s/100]
[2018-02-15 21:24:00] eseye.INFO: [http 200, ok] get -> https://esi.tech.ccp.is/v4/corporations/98371607/?datasource=tranquility [t/e: 0.07s/100]
[2018-02-15 21:24:00] eseye.INFO: [http 200, ok] get -> https://esi.tech.ccp.is/v4/corporations/98381887/?datasource=tranquility [t/e: 0.07s/100]
[2018-02-15 21:24:00] eseye.INFO: [http 200, ok] get -> https://esi.tech.ccp.is/v4/corporations/98390993/?datasource=tranquility [t/e: 0.08s/100]
[2018-02-15 21:24:00] eseye.INFO: [http 200, ok] get -> https://esi.tech.ccp.is/v4/corporations/98397100/?datasource=tranquility [t/e: 0.08s/100]
[2018-02-15 21:24:00] eseye.INFO: [http 200, ok] get -> https://esi.tech.ccp.is/v4/corporations/98407325/?datasource=tranquility [t/e: 0.07s/100]
[2018-02-15 21:24:00] eseye.INFO: [http 200, ok] get -> https://esi.tech.ccp.is/v4/corporations/98412085/?datasource=tranquility [t/e: 0.07s/100]
[2018-02-15 21:24:00] eseye.INFO: [http 200, ok] get -> https://esi.tech.ccp.is/v4/corporations/98415891/?datasource=tranquility [t/e: 0.07s/100]
[2018-02-15 21:24:00] eseye.INFO: [http 200, ok] get -> https://esi.tech.ccp.is/v4/corporations/98418836/?datasource=tranquility [t/e: 0.07s/100]
[2018-02-15 21:24:00] eseye.INFO: [http 200, ok] get -> https://esi.tech.ccp.is/v4/corporations/98430485/?datasource=tranquility [t/e: 0.07s/100]
[2018-02-15 21:24:00] eseye.INFO: [http 200, ok] get -> https://esi.tech.ccp.is/v4/corporations/98436037/?datasource=tranquility [t/e: 0.07s/100]
[2018-02-15 21:24:00] eseye.INFO: [http 200, ok] get -> https://esi.tech.ccp.is/v4/corporations/98443527/?datasource=tranquility [t/e: 0.07s/100]
[2018-02-15 21:24:00] eseye.INFO: [http 200, ok] get -> https://esi.tech.ccp.is/v4/corporations/98449437/?datasource=tranquility [t/e: 0.07s/100]
[2018-02-15 21:24:01] eseye.INFO: [http 200, ok] get -> https://esi.tech.ccp.is/v4/corporations/98456850/?datasource=tranquility [t/e: 0.46s/100]
[2018-02-15 21:24:01] eseye.INFO: [http 200, ok] get -> https://esi.tech.ccp.is/v4/corporations/98463247/?datasource=tranquility [t/e: 0.50s/100]
[2018-02-15 21:24:01] eseye.INFO: [http 200, ok] get -> https://esi.tech.ccp.is/v4/corporations/98469730/?datasource=tranquility [t/e: 0.09s/100]
[2018-02-15 21:24:01] eseye.INFO: [http 200, ok] get -> https://esi.tech.ccp.is/v4/corporations/98470760/?datasource=tranquility [t/e: 0.07s/100]
[2018-02-15 21:24:01] eseye.INFO: [http 200, ok] get -> https://esi.tech.ccp.is/v4/corporations/98475489/?datasource=tranquility [t/e: 0.07s/100]
[2018-02-15 21:24:02] eseye.INFO: [http 200, ok] get -> https://esi.tech.ccp.is/v4/corporations/98479629/?datasource=tranquility [t/e: 0.07s/100]
[2018-02-15 21:24:02] eseye.INFO: [http 200, ok] get -> https://esi.tech.ccp.is/v4/corporations/98479723/?datasource=tranquility [t/e: 0.08s/100]
[2018-02-15 21:24:02] eseye.INFO: [http 200, ok] get -> https://esi.tech.ccp.is/v4/corporations/98482395/?datasource=tranquility [t/e: 0.07s/100]
[2018-02-15 21:24:02] eseye.INFO: [http 200, ok] get -> https://esi.tech.ccp.is/v4/corporations/98489690/?datasource=tranquility [t/e: 0.08s/100]
[2018-02-15 21:24:02] eseye.INFO: [http 200, ok] get -> https://esi.tech.ccp.is/v4/corporations/98491423/?datasource=tranquility [t/e: 0.07s/100]
[2018-02-15 21:24:02] eseye.INFO: [http 200, ok] get -> https://esi.tech.ccp.is/v4/corporations/98492592/?datasource=tranquility [t/e: 0.07s/100]
[2018-02-15 21:24:02] eseye.INFO: [http 200, ok] get -> https://esi.tech.ccp.is/v4/corporations/98492970/?datasource=tranquility [t/e: 0.07s/100]
[2018-02-15 21:24:02] eseye.INFO: [http 200, ok] get -> https://esi.tech.ccp.is/v4/corporations/98494351/?datasource=tranquility [t/e: 0.07s/100]
[2018-02-15 21:24:02] eseye.INFO: [http 200, ok] get -> https://esi.tech.ccp.is/v4/corporations/98495864/?datasource=tranquility [t/e: 0.07s/100]
[2018-02-15 21:24:02] eseye.INFO: [http 200, ok] get -> https://esi.tech.ccp.is/v4/corporations/98497003/?datasource=tranquility [t/e: 0.08s/100]
[2018-02-15 21:24:02] eseye.INFO: [http 200, ok] get -> https://esi.tech.ccp.is/v4/corporations/98498081/?datasource=tranquility [t/e: 0.07s/100]
[2018-02-15 21:24:02] eseye.INFO: [http 200, ok] get -> https://esi.tech.ccp.is/v4/corporations/98498394/?datasource=tranquility [t/e: 0.08s/100]
[2018-02-15 21:24:02] eseye.INFO: [http 200, ok] get -> https://esi.tech.ccp.is/v4/corporations/98498797/?datasource=tranquility [t/e: 0.07s/100]
[2018-02-15 21:24:03] eseye.INFO: [http 200, ok] get -> https://esi.tech.ccp.is/v4/corporations/98499411/?datasource=tranquility [t/e: 0.07s/100]
[2018-02-15 21:24:03] eseye.INFO: [http 200, ok] get -> https://esi.tech.ccp.is/v4/corporations/98501187/?datasource=tranquility [t/e: 0.07s/100]
[2018-02-15 21:24:03] eseye.INFO: [http 200, ok] get -> https://esi.tech.ccp.is/v4/corporations/98503743/?datasource=tranquility [t/e: 0.07s/100]
[2018-02-15 21:24:03] eseye.INFO: [http 200, ok] get -> https://esi.tech.ccp.is/v4/corporations/98504880/?datasource=tranquility [t/e: 0.07s/100]
[2018-02-15 21:24:03] eseye.INFO: [http 200, ok] get -> https://esi.tech.ccp.is/v4/corporations/98506481/?datasource=tranquility [t/e: 0.08s/100]
[2018-02-15 21:24:03] eseye.INFO: [http 200, ok] get -> https://esi.tech.ccp.is/v4/corporations/98507185/?datasource=tranquility [t/e: 0.08s/100]
[2018-02-15 21:24:03] eseye.INFO: [http 200, ok] get -> https://esi.tech.ccp.is/v4/corporations/98509210/?datasource=tranquility [t/e: 0.07s/100]
[2018-02-15 21:24:03] eseye.INFO: [http 200, ok] get -> https://esi.tech.ccp.is/v4/corporations/98509706/?datasource=tranquility [t/e: 0.08s/100]
[2018-02-15 21:24:03] eseye.INFO: [http 200, ok] get -> https://esi.tech.ccp.is/v4/corporations/98510035/?datasource=tranquility [t/e: 0.08s/100]
[2018-02-15 21:24:03] eseye.INFO: [http 200, ok] get -> https://esi.tech.ccp.is/v4/corporations/98512732/?datasource=tranquility [t/e: 0.07s/100]
[2018-02-15 21:24:03] eseye.INFO: [http 200, ok] get -> https://esi.tech.ccp.is/v4/corporations/98513796/?datasource=tranquility [t/e: 0.07s/100]
[2018-02-15 21:24:03] eseye.INFO: [http 200, ok] get -> https://esi.tech.ccp.is/v4/corporations/98515104/?datasource=tranquility [t/e: 0.07s/100]
[2018-02-15 21:24:03] eseye.INFO: [http 200, ok] get -> https://esi.tech.ccp.is/v4/corporations/98515935/?datasource=tranquility [t/e: 0.07s/100]
[2018-02-15 21:24:04] eseye.INFO: [http 200, ok] get -> https://esi.tech.ccp.is/v4/corporations/98517341/?datasource=tranquility [t/e: 0.07s/100]
[2018-02-15 21:24:04] eseye.INFO: [http 200, ok] get -> https://esi.tech.ccp.is/v4/corporations/98518128/?datasource=tranquility [t/e: 0.07s/100]
[2018-02-15 21:24:04] eseye.INFO: [http 200, ok] get -> https://esi.tech.ccp.is/v4/corporations/98518382/?datasource=tranquility [t/e: 0.07s/100]
[2018-02-15 21:24:04] eseye.INFO: [http 200, ok] get -> https://esi.tech.ccp.is/v4/corporations/98518500/?datasource=tranquility [t/e: 0.63s/100]
[2018-02-15 21:24:04] eseye.INFO: [http 200, ok] get -> https://esi.tech.ccp.is/v4/corporations/98518631/?datasource=tranquility [t/e: 0.09s/100]
[2018-02-15 21:24:04] eseye.INFO: [http 200, ok] get -> https://esi.tech.ccp.is/v4/corporations/98519928/?datasource=tranquility [t/e: 0.07s/100]
[2018-02-15 21:24:05] eseye.INFO: [http 200, ok] get -> https://esi.tech.ccp.is/v4/corporations/98520488/?datasource=tranquility [t/e: 0.07s/100]
[2018-02-15 21:24:05] eseye.INFO: [http 200, ok] get -> https://esi.tech.ccp.is/v4/corporations/98521871/?datasource=tranquility [t/e: 0.08s/100]
[2018-02-15 21:24:05] eseye.INFO: [http 200, ok] get -> https://esi.tech.ccp.is/v4/corporations/98523348/?datasource=tranquility [t/e: 0.07s/100]
[2018-02-15 21:24:05] eseye.INFO: [http 200, ok] get -> https://esi.tech.ccp.is/v4/corporations/98523595/?datasource=tranquility [t/e: 0.07s/100]
[2018-02-15 21:24:05] eseye.INFO: [http 200, ok] get -> https://esi.tech.ccp.is/v4/corporations/98526535/?datasource=tranquility [t/e: 0.07s/100]
[2018-02-15 21:24:05] eseye.INFO: [http 200, ok] get -> https://esi.tech.ccp.is/v4/corporations/98526726/?datasource=tranquility [t/e: 0.39s/100]
[2018-02-15 21:24:05] eseye.INFO: [http 200, ok] get -> https://esi.tech.ccp.is/v4/corporations/98527046/?datasource=tranquility [t/e: 0.10s/100]
[2018-02-15 21:24:05] eseye.INFO: [http 200, ok] get -> https://esi.tech.ccp.is/v4/corporations/98527575/?datasource=tranquility [t/e: 0.07s/100]
[2018-02-15 21:24:05] eseye.INFO: [http 200, ok] get -> https://esi.tech.ccp.is/v4/corporations/98527642/?datasource=tranquility [t/e: 0.07s/100]
[2018-02-15 21:24:05] eseye.INFO: [http 200, ok] get -> https://esi.tech.ccp.is/v4/corporations/98527670/?datasource=tranquility [t/e: 0.07s/100]
[2018-02-15 21:24:06] eseye.INFO: [http 200, ok] get -> https://esi.tech.ccp.is/v4/corporations/98528722/?datasource=tranquility [t/e: 0.07s/100]
[2018-02-15 21:24:06] eseye.INFO: [http 200, ok] get -> https://esi.tech.ccp.is/v4/corporations/98528780/?datasource=tranquility [t/e: 0.07s/100]
[2018-02-15 21:24:06] eseye.INFO: [http 200, ok] get -> https://esi.tech.ccp.is/v4/corporations/98528789/?datasource=tranquility [t/e: 0.07s/100]
[2018-02-15 21:24:06] eseye.INFO: [http 200, ok] get -> https://esi.tech.ccp.is/v4/corporations/98529826/?datasource=tranquility [t/e: 0.07s/100]
[2018-02-15 21:24:06] eseye.INFO: [http 200, ok] get -> https://esi.tech.ccp.is/v4/corporations/98530056/?datasource=tranquility [t/e: 0.07s/100]
[2018-02-15 21:24:06] eseye.INFO: [http 200, ok] get -> https://esi.tech.ccp.is/v4/corporations/98530075/?datasource=tranquility [t/e: 0.07s/100]
[2018-02-15 21:24:06] eseye.INFO: [http 200, ok] get -> https://esi.tech.ccp.is/v4/corporations/98530969/?datasource=tranquility [t/e: 0.07s/100]
[2018-02-15 21:24:06] eseye.INFO: [http 200, ok] get -> https://esi.tech.ccp.is/v4/corporations/98531194/?datasource=tranquility [t/e: 0.08s/100]
[2018-02-15 21:24:06] eseye.INFO: [http 200, ok] get -> https://esi.tech.ccp.is/v4/corporations/98532550/?datasource=tranquility [t/e: 0.07s/100]
[2018-02-15 21:24:06] eseye.INFO: [http 200, ok] get -> https://esi.tech.ccp.is/v4/corporations/98534051/?datasource=tranquility [t/e: 0.07s/100]
[2018-02-15 21:24:06] eseye.INFO: [http 200, ok] get -> https://esi.tech.ccp.is/v4/corporations/98534375/?datasource=tranquility [t/e: 0.08s/100]
[2018-02-15 21:24:06] eseye.INFO: [http 200, ok] get -> https://esi.tech.ccp.is/v4/corporations/98534761/?datasource=tranquility [t/e: 0.07s/100]
[2018-02-15 21:24:06] eseye.INFO: [http 200, ok] get -> https://esi.tech.ccp.is/v4/corporations/98534907/?datasource=tranquility [t/e: 0.07s/100]
[2018-02-15 21:24:07] eseye.INFO: [http 200, ok] get -> https://esi.tech.ccp.is/v4/corporations/98534988/?datasource=tranquility [t/e: 0.06s/100]
[2018-02-15 21:24:07] eseye.INFO: [http 200, ok] get -> https://esi.tech.ccp.is/v4/corporations/98535101/?datasource=tranquility [t/e: 0.07s/100]
[2018-02-15 21:24:07] eseye.INFO: [http 200, ok] get -> https://esi.tech.ccp.is/v4/corporations/98535405/?datasource=tranquility [t/e: 0.07s/100]
[2018-02-15 21:24:07] eseye.INFO: [http 200, ok] get -> https://esi.tech.ccp.is/v4/corporations/98536551/?datasource=tranquility [t/e: 0.09s/100]
[2018-02-15 21:24:07] eseye.INFO: [http 200, ok] get -> https://esi.tech.ccp.is/v4/corporations/98538029/?datasource=tranquility [t/e: 0.07s/100]
[2018-02-15 21:24:07] eseye.INFO: [http 200, ok] get -> https://esi.tech.ccp.is/v4/corporations/98538231/?datasource=tranquility [t/e: 0.07s/100]
[2018-02-15 21:24:07] eseye.INFO: [http 200, ok] get -> https://esi.tech.ccp.is/v4/corporations/98538927/?datasource=tranquility [t/e: 0.08s/100]
[2018-02-15 21:24:07] eseye.INFO: [http 200, ok] get -> https://esi.tech.ccp.is/v4/corporations/98539634/?datasource=tranquility [t/e: 0.07s/100]
[2018-02-15 21:24:07] eseye.INFO: [http 200, ok] get -> https://esi.tech.ccp.is/v4/corporations/98540967/?datasource=tranquility [t/e: 0.07s/100]
[2018-02-15 21:24:07] eseye.INFO: [http 200, ok] get -> https://esi.tech.ccp.is/v4/corporations/98541027/?datasource=tranquility [t/e: 0.07s/100]
[2018-02-15 21:24:08] eseye.INFO: [http 200, ok] get -> https://esi.tech.ccp.is/v4/corporations/98541227/?datasource=tranquility [t/e: 0.37s/100]
[2018-02-15 21:24:08] eseye.INFO: [http 200, ok] get -> https://esi.tech.ccp.is/v4/corporations/98542470/?datasource=tranquility [t/e: 0.08s/100]
[2018-02-15 21:24:08] eseye.INFO: [http 200, ok] get -> https://esi.tech.ccp.is/v4/corporations/98542883/?datasource=tranquility [t/e: 0.07s/100]
[2018-02-15 21:24:08] eseye.INFO: [http 200, ok] get -> https://esi.tech.ccp.is/v4/corporations/98543266/?datasource=tranquility [t/e: 0.06s/100]
[2018-02-15 21:24:08] eseye.INFO: [http 200, ok] get -> https://esi.tech.ccp.is/v4/corporations/98544504/?datasource=tranquility [t/e: 0.07s/100]
[2018-02-15 21:24:08] eseye.INFO: [http 200, ok] get -> https://esi.tech.ccp.is/v4/corporations/98544979/?datasource=tranquility [t/e: 0.07s/100]
[2018-02-15 21:24:08] eseye.INFO: [http 200, ok] get -> https://esi.tech.ccp.is/v4/corporations/98545468/?datasource=tranquility [t/e: 0.27s/100]
[2018-02-15 21:24:08] eseye.INFO: [http 200, ok] get -> https://esi.tech.ccp.is/v4/corporations/98545479/?datasource=tranquility [t/e: 0.07s/100]
[2018-02-15 21:24:08] eseye.INFO: [http 200, ok] get -> https://esi.tech.ccp.is/v4/corporations/98545497/?datasource=tranquility [t/e: 0.07s/100]
[2018-02-15 21:24:09] eseye.INFO: [http 200, ok] get -> https://esi.tech.ccp.is/v4/corporations/98545520/?datasource=tranquility [t/e: 0.51s/100]
[2018-02-15 21:24:09] eseye.INFO: [http 200, ok] get -> https://esi.tech.ccp.is/v4/corporations/98545988/?datasource=tranquility [t/e: 0.47s/100]
[2018-02-15 21:24:10] eseye.INFO: [http 200, ok] get -> https://esi.tech.ccp.is/v4/corporations/98546343/?datasource=tranquility [t/e: 0.52s/100]
[2018-02-15 21:24:11] eseye.INFO: [http 200, ok] get -> https://esi.tech.ccp.is/v4/corporations/98546741/?datasource=tranquility [t/e: 0.73s/100]
[2018-02-15 21:24:11] eseye.INFO: [http 200, ok] get -> https://esi.tech.ccp.is/v4/corporations/98547511/?datasource=tranquility [t/e: 0.07s/100]
[2018-02-15 21:24:11] eseye.INFO: [http 200, ok] get -> https://esi.tech.ccp.is/v4/corporations/98547869/?datasource=tranquility [t/e: 0.07s/100]
[2018-02-15 21:24:11] eseye.INFO: [http 200, ok] get -> https://esi.tech.ccp.is/v4/corporations/144772691/?datasource=tranquility [t/e: 0.07s/100]
[2018-02-15 21:24:11] eseye.INFO: [http 200, ok] get -> https://esi.tech.ccp.is/v4/corporations/180773442/?datasource=tranquility [t/e: 0.43s/100]
[2018-02-15 21:24:11] eseye.INFO: [http 200, ok] get -> https://esi.tech.ccp.is/v4/corporations/219410114/?datasource=tranquility [t/e: 0.08s/100]
[2018-02-15 21:24:11] eseye.INFO: [http 200, ok] get -> https://esi.tech.ccp.is/v4/corporations/626112372/?datasource=tranquility [t/e: 0.07s/100]
[2018-02-15 21:24:11] eseye.INFO: [http 200, ok] get -> https://esi.tech.ccp.is/v4/corporations/670853994/?datasource=tranquility [t/e: 0.07s/100]
[2018-02-15 21:24:12] eseye.INFO: [http 200, ok] get -> https://esi.tech.ccp.is/v4/corporations/736580866/?datasource=tranquility [t/e: 0.07s/100]
[2018-02-15 21:24:12] eseye.INFO: [http 200, ok] get -> https://esi.tech.ccp.is/v4/corporations/751925593/?datasource=tranquility [t/e: 0.07s/100]
[2018-02-15 21:24:12] eseye.INFO: [http 200, ok] get -> https://esi.tech.ccp.is/v4/corporations/814878810/?datasource=tranquility [t/e: 0.08s/100]
[2018-02-15 21:24:12] eseye.INFO: [http 200, ok] get -> https://esi.tech.ccp.is/v4/corporations/872886764/?datasource=tranquility [t/e: 0.08s/100]
[2018-02-15 21:24:12] eseye.INFO: [http 200, ok] get -> https://esi.tech.ccp.is/v4/corporations/955094454/?datasource=tranquility [t/e: 0.07s/100]
[2018-02-15 21:24:12] eseye.INFO: [http 200, ok] get -> https://esi.tech.ccp.is/v4/corporations/1022557972/?datasource=tranquility [t/e: 0.07s/100]
[2018-02-15 21:24:12] eseye.INFO: [http 200, ok] get -> https://esi.tech.ccp.is/v4/corporations/1402612386/?datasource=tranquility [t/e: 0.07s/100]
[2018-02-15 21:24:12] eseye.INFO: [http 200, ok] get -> https://esi.tech.ccp.is/v4/corporations/1405057963/?datasource=tranquility [t/e: 0.07s/100]
[2018-02-15 21:24:12] eseye.INFO: [http 200, ok] get -> https://esi.tech.ccp.is/v4/corporations/1471157552/?datasource=tranquility [t/e: 0.08s/100]
[2018-02-15 21:24:12] eseye.INFO: [http 200, ok] get -> https://esi.tech.ccp.is/v4/corporations/1476883234/?datasource=tranquility [t/e: 0.07s/100]
[2018-02-15 21:24:12] eseye.INFO: [http 200, ok] get -> https://esi.tech.ccp.is/v4/corporations/1576171750/?datasource=tranquility [t/e: 0.07s/100]
[2018-02-15 21:24:12] eseye.INFO: [http 200, ok] get -> https://esi.tech.ccp.is/v4/corporations/1650946531/?datasource=tranquility [t/e: 0.07s/100]
[2018-02-15 21:24:12] eseye.INFO: [http 200, ok] get -> https://esi.tech.ccp.is/v4/corporations/1765963215/?datasource=tranquility [t/e: 0.07s/100]
[2018-02-15 21:24:12] eseye.INFO: [http 200, ok] get -> https://esi.tech.ccp.is/v4/corporations/1859142848/?datasource=tranquility [t/e: 0.07s/100]
[2018-02-15 21:24:13] eseye.INFO: [http 200, ok] get -> https://esi.tech.ccp.is/v4/corporations/1887789993/?datasource=tranquility [t/e: 0.12s/100]
[2018-02-15 21:24:13] eseye.INFO: [http 200, ok] get -> https://esi.tech.ccp.is/v4/corporations/1938837642/?datasource=tranquility [t/e: 0.07s/100]
